[DEBUG]--2023-04-16 17:09:01,600-Database.py->createDatabase line:34: 主数据库创建成功

[DEBUG]--2023-04-16 17:09:01,637-Database.py->createProjectDatabase line:104: 数据库创建成功

[INFO]--2023-04-16 17:09:01,640-ParseJs.py->requestUrl line:41: [17:09:01] 目标站点：https://www.bountyteam.com/

[INFO]--2023-04-16 17:09:01,643-ParseJs.py->requestUrl line:42: [17:09:01] 正在解析网页中...

[DEBUG]--2023-04-16 17:09:01,646-connectionpool.py->_new_conn line:1003: Starting new HTTPS connection (1): www.bountyteam.com:443

[DEBUG]--2023-04-16 17:09:01,886-connectionpool.py->_make_request line:456: https://www.bountyteam.com:443 "GET / HTTP/1.1" 200 1699

[DEBUG]--2023-04-16 17:09:01,886-ParseJs.py->requestUrl line:87: scriptCrawling模块正常

[INFO]--2023-04-16 17:09:01,896-ParseJs.py->dealJs line:140: [17:09:01] 网页解析完毕，共发现4个JS文件

[DEBUG]--2023-04-16 17:09:01,896-DownloadJs.py->downloadJs line:84: js黑名单函数正常

[INFO]--2023-04-16 17:09:01,896-DownloadJs.py->downloadJs line:111: [17:09:01] 正在下载：app.f4699641.js

[DEBUG]--2023-04-16 17:09:01,896-connectionpool.py->_new_conn line:1003: Starting new HTTPS connection (1): www.bountyteam.com:443

[DEBUG]--2023-04-16 17:09:02,572-connectionpool.py->_make_request line:456: https://www.bountyteam.com:443 "GET /js/app.f4699641.js HTTP/1.1" 200 899504

[INFO]--2023-04-16 17:09:06,832-DownloadJs.py->downloadJs line:111: [17:09:06] 正在下载：chunk-vendors.27409629.js

[DEBUG]--2023-04-16 17:09:06,832-connectionpool.py->_new_conn line:1003: Starting new HTTPS connection (1): www.bountyteam.com:443

[DEBUG]--2023-04-16 17:09:06,999-connectionpool.py->_make_request line:456: https://www.bountyteam.com:443 "GET /js/chunk-vendors.27409629.js HTTP/1.1" 200 1498705

[DEBUG]--2023-04-16 17:09:09,015-ParseJs.py->requestUrl line:94: dealjs函数正常

[INFO]--2023-04-16 17:09:09,044-Recoverspilt.py->checkCodeSpilting line:72: [17:09:09] 疑似存在JS异步加载：tmp\0buCd0_www.bountyteam.com\UqWBrc.chunk-vendors.27409629.js

[INFO]--2023-04-16 17:09:09,069-Recoverspilt.py->checkSpiltingTwice line:108: [17:09:09] 正在暴力检测JS文件中...

[DEBUG]--2023-04-16 17:09:21,493-Recoverspilt.py->recoverStart line:164: checkSpiltingTwice模块正常

[INFO]--2023-04-16 17:09:21,493-Recoverspilt.py->recoverStart line:167: [17:09:21] JS文件收集结束，开始提取平台API...

